19:00:48		admin	admin	<font color="black">asdsad</font>
19:00:49		admin	admin	<font color="black">asdsad</font>
19:00:49		admin	admin	<font color="black">asdsad</font>
19:00:49		admin	admin	<font color="black">asdsad</font>
19:00:49		admin	admin	<font color="black">asdsad</font>
19:00:49		admin	admin	<font color="black">asdsad</font>
19:00:50		admin	admin	<font color="black">asdsad</font>
19:00:50		admin	admin	<font color="black">asdsad</font>
19:00:50		admin	admin	<font color="black">asdsad</font>
19:01:00		admin	admin	<font color="black">houdi ho</font>
22:23:24		admin	admin	<font color="black">sSADSAD</font>
22:23:29		admin	admin	<font color="black">sSADSADasdsadsadsad</font>
22:24:02		admin	admin	<font color="black">sSADSADasdsadsadsad</font>
22:24:04		admin	admin	<font color="black">sSADSADasdsadsadsad</font>
22:24:09		admin	admin	<font color="black">qqqqqqqqqqqqqqqqqqq</font>
22:24:10		admin	admin	<font color="black">qqqqqqqqqqqqqqasdqqqqq</font>
23:34:26		SubZero	SubZero	<font color="black">asdsadsdasd</font>
23:34:27		SubZero	SubZero	<font color="black">asdsadsdasd</font>
23:34:29		SubZero	SubZero	<font color="black">asdsadsdasd</font>
23:34:48		SubZero	SubZero	<font color="black">asdsad</font>
23:34:50		SubZero	SubZero	<font color="black">asdsad</font>
