12:34:26	[MSG]		Robik	room 1	<font color="black"> 123123 has joined. Welcome!</font>
12:38:42	[MSG]		123123	room 1	<font color="black">test</font>
12:38:43	[MSG]		123123	room 1	<font color="black">asdsad</font>
12:38:46	[MSG]		123123	room 1	<font color="black">asdsadsad</font>
12:38:47	[MSG]		123123	room 1	<font color="black">ololo</font>
12:38:53	[MSG]		123123	room 1	<font color="black">Всем привет!!!</font>
12:38:58	[MSG]		123123	room 1	<font color="black">123123&gt; asdsad</font>
12:39:01	[MSG]		123123	room 1	<font color="black">asdsadsad</font>
12:39:10	[MSG]		123123	room 1	<font color="gray">asdads</font>
12:40:50	[MSG]		Robik	room 1	<font color="black">123123 has left.</font>
12:40:52	[MSG]		Robik	room 1	<font color="black"> 123123 has joined. Welcome!</font>
12:42:51	[MSG]		Robik	room 1	<font color="black">123123 has left.</font>
12:43:02	[MSG]		Robik	room 1	<font color="black"> admin has joined. Welcome!</font>
12:43:16	[MSG]		admin	room 1	<font color="gray">hello</font>
12:43:18	[MSG]		admin	room 1	<font color="gray">asd</font>
12:43:20	[MSG]		admin	room 1	<font color="gray">asdsad</font>
12:43:29	[MSG]		admin	room 1	<font color="green"><u>helooo</u></font>
12:43:30	[MSG]		admin	room 1	<font color="green"><u>test</u></font>
12:43:37	[MSG]		admin	room 1	<font color="black">test</font>
12:54:01	[MSG]		Robik	room 1	<font color="black">admin has left.</font>
12:54:14	[MSG]		Robik	room 1	<font color="black"> админ has joined. Welcome!</font>
12:59:22	[MSG]		Robik	room 1	<font color="black">админ has left.</font>
12:59:28	[MSG]		Robik	room 1	<font color="black"> админ has joined. Welcome!</font>
12:59:34	[MSG]		Robik	room 1	<font color="black">админ has left.</font>
13:04:00	[MSG]		Robik	room 1	<font color="black"> админ has joined. Welcome!</font>
13:04:14	[MSG]		админ	room 1	<font color="black">hellooo</font>
13:04:16	[MSG]		админ	room 1	<font color="black">asdsad</font>
13:05:08	[MSG]		Robik	room 1	<font color="black">админ has left.</font>
13:05:10	[MSG]		Robik	room 1	<font color="black"> админ has joined. Welcome!</font>
13:05:25	[MSG]		Robik	room 1	<font color="black">админ has left.</font>
13:05:27	[MSG]		Robik	room 1	<font color="black"> админ has joined. Welcome!</font>
13:06:41	[MSG]		Robik	room 1	<font color="black">админ has left.</font>
13:06:43	[MSG]		Robik	room 1	<font color="black"> админ has joined. Welcome!</font>
13:09:31	[MSG]		админ	room 1	<font color="black">asdsad</font>
13:13:10	[MSG]		Robik	room 1	<font color="black">админ has left.</font>
13:13:12	[MSG]		Robik	room 1	<font color="black"> админ has joined. Welcome!</font>
