02:03:19	[MSG]		Robik	room 1	<font color="black"> SubZero has joined. Welcome!</font>
02:07:08	[MSG]		SubZero	room 1	<font color="black">hello</font>
02:08:35	[MSG]		SubZero	room 1	<font color="black">hello</font>
02:08:38	[MSG]		SubZero	room 1	<font color="black">hello</font>
02:08:39	[MSG]		SubZero	room 1	<font color="black">hello</font>
02:09:10	[MSG]		SubZero	room 1	<font color="black">SubZero, Всем&gt; hellosadds</font>
02:09:26	[MSG]		SubZero	room 1	<font color="black">hellosadds</font>
02:09:26	[MSG]		SubZero	room 1	<font color="black">hellosadds</font>
02:09:26	[MSG]		SubZero	room 1	<font color="black">hellosadds</font>
02:09:26	[MSG]		SubZero	room 1	<font color="black">hellosadds</font>
02:09:27	[MSG]		SubZero	room 1	<font color="black">hellosadds</font>
02:09:30	[MSG]		SubZero	room 1	<font color="black">hellosadds</font>
02:09:30	[MSG]		SubZero	room 1	<font color="black">hellosadds</font>
02:09:30	[MSG]		SubZero	room 1	<font color="black">hellosadds</font>
02:09:30	[MSG]		SubZero	room 1	<font color="black">hellosadds</font>
13:30:59	[MSG]		Robik	room 1	<font color="black">SubZero was idle for too long and has been disconnected.</font>
13:30:59	[MSG]		Robik	room 1	<font color="black"> SubZero has joined. Welcome!</font>
13:31:06	[MSG]		SubZero	room 1	<font color="black">hello</font>
14:25:36	[MSG]		Robik	room 1	<font color="black"> SubZero has joined. Welcome!</font>
14:32:41	[MSG]		SubZero	room 1	<font color="black">asdsad</font>
14:32:43	[MSG]		SubZero	room 1	<font color="black">asdsadasdsad</font>
15:49:18	[MSG]		SubZero	room 1	<font color="black">SubZero&gt; asdasd</font>
15:49:20	[MSG]		SubZero	room 1	<font color="black">SubZero&gt; asdasd</font>
15:49:58	[MSG]		Robik	room 1	<font color="black">SubZero has left.</font>
